<?xml version="1.0" encoding="UTF-8"?>
<testng-results skipped="0" failed="0" ignored="0" total="3" passed="3">
  <reporter-output>
  </reporter-output>
  <suite name="Default suite" duration-ms="34569" started-at="2022-12-10T09:30:02 IST" finished-at="2022-12-10T09:30:36 IST">
    <groups>
    </groups>
    <test name="Default test" duration-ms="34569" started-at="2022-12-10T09:30:02 IST" finished-at="2022-12-10T09:30:36 IST">
      <class name="test.TestCases">
        <test-method status="PASS" signature="start()[pri:0, instance:test.TestCases@181e022]" name="start" is-config="true" duration-ms="26065" started-at="2022-12-10T09:30:02 IST" finished-at="2022-12-10T09:30:28 IST">
          <reporter-output>
          </reporter-output>
        </test-method> <!-- start -->
        <test-method status="PASS" signature="login()[pri:1, instance:test.TestCases@181e022]" name="login" duration-ms="3398" started-at="2022-12-10T09:30:28 IST" finished-at="2022-12-10T09:30:31 IST">
          <reporter-output>
          </reporter-output>
        </test-method> <!-- login -->
        <test-method status="PASS" signature="dashboard()[pri:2, instance:test.TestCases@181e022]" name="dashboard" duration-ms="3292" started-at="2022-12-10T09:30:31 IST" finished-at="2022-12-10T09:30:35 IST">
          <reporter-output>
          </reporter-output>
        </test-method> <!-- dashboard -->
        <test-method status="PASS" signature="pimSection()[pri:3, instance:test.TestCases@181e022]" name="pimSection" duration-ms="2" started-at="2022-12-10T09:30:35 IST" finished-at="2022-12-10T09:30:35 IST">
          <reporter-output>
          </reporter-output>
        </test-method> <!-- pimSection -->
        <test-method status="PASS" signature="close()[pri:0, instance:test.TestCases@181e022]" name="close" is-config="true" duration-ms="1725" started-at="2022-12-10T09:30:35 IST" finished-at="2022-12-10T09:30:36 IST">
          <reporter-output>
          </reporter-output>
        </test-method> <!-- close -->
      </class> <!-- test.TestCases -->
    </test> <!-- Default test -->
  </suite> <!-- Default suite -->
</testng-results>
